C51 COMPILER V9.57.0.0   MAIN                                                              10/14/2023 20:51:13 PAGE 1   


C51 COMPILER V9.57.0.0, COMPILATION OF MODULE MAIN
OBJECT MODULE PLACED IN .\Objects\main.obj
COMPILER INVOKED BY: D:\Keil5_C51\install\C51\BIN\C51.EXE user\main.c LARGE OPTIMIZE(8,SPEED) BROWSE INCDIR(.\user;.\mys
                    -h;.\board) DEBUG OBJECTEXTEND PRINT(.\Listings\main.lst) OBJECT(.\Objects\main.obj)

line level    source

   1          #include "stdio.h"
   2          #include "main.h"
   3          
   4          #define USING_USER_CMD          1
   5          
   6          #if USING_USER_CMD
   7          static void user_exec(int argc, char* argv[])
   8          {
   9   1              int i = 0; 
  10   1              for(i = 0; i < argc; ++i)
  11   1              {
  12   2                      mysh_put_string(argv[i]);
  13   2                      mysh_put_string("\r\n");
  14   2              }
  15   1      }
  16          #endif
  17          
  18          
  19          void main(void)
  20          {       
  21   1              EA = 1;
  22   1              dev_timer0_init();
  23   1              dev_uart1_init();
  24   1      
  25   1      
  26   1              mysh_init();
  27   1              
  28   1              #if USING_USER_CMD
  29   1              {
  30   2                      static struct mysh_cmd_dsc user_dsc;
  31   2                      user_dsc.name   = "user";
  32   2                      user_dsc.man    = "test for user.";
  33   2                      user_dsc.exec   = user_exec;
  34   2                      mysh_add_cmd(&user_dsc);
  35   2              }
  36   1              #endif
  37   1              
  38   1              while(1)
  39   1              {
  40   2                      mysh_task_handler();
  41   2              }
  42   1      
  43   1      }


MODULE INFORMATION:   STATIC OVERLAYABLE
   CODE SIZE        =    171    ----
   CONSTANT SIZE    =     23    ----
   XDATA SIZE       =      9       7
   PDATA SIZE       =   ----    ----
   DATA SIZE        =   ----    ----
   IDATA SIZE       =   ----    ----
   BIT SIZE         =   ----    ----
END OF MODULE INFORMATION.

C51 COMPILER V9.57.0.0   MAIN                                                              10/14/2023 20:51:13 PAGE 2   


C51 COMPILATION COMPLETE.  0 WARNING(S),  0 ERROR(S)
